Arguments: 
  C:\Program Files\nodejs\node.exe C:\Program Files (x86)\Yarn\bin\yarn.js add express dotenv cors cookie-parser helmet morgan nodemailer mongoose jsonw

PATH: 
  C:\Program Files\Git\mingw64\bin;C:\Program Files\Git\usr\bin;C:\Users\nosna\bin;C:\Users\nosna\OneDrive\Máy tính\vendor\bin;C:\Users\nosna\OneDrive\Máy tính\vendor\git-for-windows\cmd;C:\Users\nosna\OneDrive\Máy tính\vendor\conemu-maximus5\ConEmu\Scripts;C:\Users\nosna\OneDrive\Máy tính\vendor\conemu-maximus5;C:\Users\nosna\OneDrive\Máy tính\vendor\conemu-maximus5\ConEmu;C:\Windows\system32;C:\Windows;C:\Windows\System32\Wbem;C:\Windows\System32\WindowsPowerShell\v1.0;C:\Windows\System32\OpenSSH;C:\Program Files\Git\cmd;C:\Program Files (x86)\Yarn\bin;C:\ProgramData\chocolatey\bin;C:\Program Files\MongoDB\Server\4.2\bin;C:\Program Files\Docker\Docker\resources\bin;C:\ProgramData\DockerDesktop\version-bin;C:\Program Files\nodejs;C:\Users\nosna\AppData\Local\Microsoft\WindowsApps;C:\Users\nosna\AppData\Local\Programs\Microsoft VS Code\bin;C:\Users\nosna\AppData\Local\Yarn\bin;C:\Users\nosna\AppData\Local\hyper\app-3.0.2\resources\bin;C:\tools\neovim\Neovim\bin;C:\Users\nosna\AppData\Roaming\npm;C:\Users\nosna\OneDrive\Máy tính\vendor\git-for-windows\mingw64\bin;C:\Users\nosna\OneDrive\Máy tính\vendor\git-for-windows\usr\bin;C:\Users\nosna\OneDrive\Máy tính

Yarn version: 
  1.17.3

Node version: 
  12.13.0

Platform: 
  win32 x64

Trace: 
  Error: https://registry.yarnpkg.com/jsonw: Not found
      at Request.params.callback [as _callback] (C:\Program Files (x86)\Yarn\lib\cli.js:65939:18)
      at Request.self.callback (C:\Program Files (x86)\Yarn\lib\cli.js:140464:22)
      at Request.emit (events.js:210:5)
      at Request.<anonymous> (C:\Program Files (x86)\Yarn\lib\cli.js:141436:10)
      at Request.emit (events.js:210:5)
      at IncomingMessage.<anonymous> (C:\Program Files (x86)\Yarn\lib\cli.js:141358:12)
      at Object.onceWrapper (events.js:299:28)
      at IncomingMessage.emit (events.js:215:7)
      at endReadableNT (_stream_readable.js:1183:12)
      at processTicksAndRejections (internal/process/task_queues.js:80:21)

npm manifest: 
  {
    "name": "api",
    "version": "1.0.0",
    "main": "index.js",
    "license": "MIT"
  }

yarn manifest: 
  No manifest

Lockfile: 
  No lockfile
